<?xml version="1.0" encoding="UTF-8"?>
<!-- Generated by org.testng.reporters.JUnitReportReporter -->
<testsuite hostname="LAPTOP-N0FBHO7H" failures="0" tests="1" name="com.Actitime.com.Baseclass" time="0.020" errors="0" timestamp="2023-03-28T12:20:29 IST" skipped="0">
  <testcase classname="com.Actitime.com.Baseclass" name="execute" time="0.020"/>
  <system-out>
    <![CDATA[hwkhg]]>
  </system-out>
</testsuite> <!-- com.Actitime.com.Baseclass -->
